2020-10-18 19:08:48.772680: W tensorflow/stream_executor/platform/default/dso_loader.cc:59] Could not load dynamic library 'libcudart.so.10.1'; dlerror: libcudart.so.10.1: cannot open shared object file: No such file or directory
2020-10-18 19:08:48.772703: I tensorflow/stream_executor/cuda/cudart_stub.cc:29] Ignore above cudart dlerror if you do not have a GPU set up on your machine.
Traceback (most recent call last):
  File "train.py", line 4, in <module>
    from H3Ranker.network import dist_bins, mean_dist_bins, bins, mean_angle_bins, deep2d_model, one_hot, latest
ImportError: cannot import name 'latest' from 'H3Ranker.network' (/homes/kenyon/envh3/lib64/python3.8/site-packages/H3Ranker/network.py)
2020-10-18 19:14:00.610089: W tensorflow/stream_executor/platform/default/dso_loader.cc:59] Could not load dynamic library 'libcudart.so.10.1'; dlerror: libcudart.so.10.1: cannot open shared object file: No such file or directory
2020-10-18 19:14:00.610114: I tensorflow/stream_executor/cuda/cudart_stub.cc:29] Ignore above cudart dlerror if you do not have a GPU set up on your machine.
2020-10-18 19:14:01.789614: W tensorflow/stream_executor/platform/default/dso_loader.cc:59] Could not load dynamic library 'libcuda.so.1'; dlerror: libcuda.so.1: cannot open shared object file: No such file or directory
2020-10-18 19:14:01.789633: W tensorflow/stream_executor/cuda/cuda_driver.cc:312] failed call to cuInit: UNKNOWN ERROR (303)
2020-10-18 19:14:01.789649: I tensorflow/stream_executor/cuda/cuda_diagnostics.cc:156] kernel driver does not appear to be running on this host (izuthrush.stats.ox.ac.uk): /proc/driver/nvidia/version does not exist
2020-10-18 19:14:01.789758: I tensorflow/core/platform/cpu_feature_guard.cc:142] This TensorFlow binary is optimized with oneAPI Deep Neural Network Library (oneDNN)to use the following CPU instructions in performance-critical operations:  AVX2 FMA
To enable them in other operations, rebuild TensorFlow with the appropriate compiler flags.
2020-10-18 19:14:01.805950: I tensorflow/core/platform/profile_utils/cpu_utils.cc:104] CPU Frequency: 2899885000 Hz
2020-10-18 19:14:01.806377: I tensorflow/compiler/xla/service/service.cc:168] XLA service 0x55ce13cf49d0 initialized for platform Host (this does not guarantee that XLA will be used). Devices:
2020-10-18 19:14:01.806407: I tensorflow/compiler/xla/service/service.cc:176]   StreamExecutor device (0): Host, Default Version
Training loss    | Validation Loss
0 5.1447961203243455 2.9626943776101777
1 3.199891271223116 2.768269018693404
2 3.0437465151392264 2.717576108195565
3 2.959285168573325 2.6747623682022095
4 2.9032731050009946 2.558717152386001
5 2.8497427759848772 2.5701832391998987
6 2.8024052607423826 2.5436726582772806
7 2.75557592456897 2.5058326414137175
8 2.716675687229127 2.438610151861653
9 2.6741847380905286 2.457509708223921
10 2.631519533299614 2.407288856578596
11 2.602020729653027 2.4148085939161703
12 2.570363674542228 2.4124409583481876
13 2.5338768757950816 2.3473563835476385
14 2.5023222555828837 2.3614230264316904
15 2.4766613748522293 2.3779857131567868
16 2.444287054867509 2.377713930426222
17 2.4276572793127658 2.3650536437829337
18 2.3927442848113754 2.345694999803196
19 2.377168036241275 2.31616019209226
20 2.3539307948205126 2.3267774292916963
21 2.3324165693698298 2.3228283687071367
22 2.312251567427014 2.339698977542646
23 2.3004923937947255 2.339720983396877
24 2.2767805166587762 2.3204405650948035
25 2.260591204902553 2.3021113962838142
26 2.247030159337357 2.3039951514114034
27 2.228160741012818 2.345195627573765
28 2.2158253568209263 2.3263212993289484
29 2.1989831891870457 2.3505671340407748
30 2.186154358095432 2.2781950325676887
31 2.169405674893031 2.3150336065075616
32 2.159386225710304 2.353515765883706
33 2.137941235060911 2.362746862751065
34 2.1311710247865263 2.3519239823023477
35 2.1149531966277237 2.3629908363024392
36 2.1118920769571536 2.3164696431521214
37 2.099763787164961 2.3467731620326187
38 2.0849595887187453 2.323965799627882
39 2.0779372482121974 2.340935146266764
40 2.0661517713551714 2.3140910132364794
41 2.0560871156422036 2.3391332445722637
42 2.046380101859001 2.311412931391687
43 2.0400259200118462 2.3765834533807
44 2.0293578469329363 2.298188000014334
45 2.0227065305552685 2.3303069138165675
46 2.0094996928548357 2.3279985198468873
47 2.0034104544291367 2.315446986393495
48 1.9962761388172405 2.2856801811492806
49 1.98648362891734 2.318091398838795
50 1.981245912579175 2.308108465238051
51 1.9730000808150068 2.2918025223594722
52 1.9623491139072806 2.2950638713258686
53 1.948163134268027 2.303803439393188
54 1.9471341325527465 2.2748894854025408
55 1.9403179035120597 2.314003617474527
56 1.9331416864552295 2.349465735030897
57 1.9271788583149212 2.3187468973073093
58 1.9222132623040562 2.306091807556875
59 1.9153115169338217 2.338453647313696
60 1.9082461932846906 2.3348387710072775
61 1.9032577756995857 2.327148682240284
62 1.8981200747663625 2.3322732304081772
63 1.8909480423898357 2.3491566908178907
64 1.8860757995561632 2.3113494407046926
65 1.8762507969053124 2.3334922447349085
66 1.8720094632399362 2.3516296527602454
67 1.8612805450107364 2.2672651035316065
68 1.8635080565552244 2.3248655516089816
69 1.853367242105919 2.37096727345929
70 1.851046818448271 2.344806761452646
71 1.8452854813282529 2.311663580211726
72 1.839597342175602 2.3014014769684183
73 1.828570209114012 2.313066246383118
74 1.8272101712661108 2.289860685214852
75 1.8226750075093374 2.3008372806238406
76 1.8209050420254909 2.3303102205197015
77 1.8082719951325257 2.2707354548302563
78 1.806621383193877 2.292407555562077
79 1.8057092237451855 2.2799814284750908
80 1.801188215057641 2.362233669920401
81 1.7949941389372528 2.3202855347683937
82 1.7901577472376595 2.3406171482620817
83 1.7880771701375195 2.3022734039660655
84 1.7862855003692746 2.309906566233346
85 1.7787821502759988 2.317182555794716
86 1.774568374014273 2.2651788556214534
87 1.7692837297968107 2.3387460627339105
88 1.7662092083863146 2.283919449105407
89 1.7577823312873957 2.3400084087342927
90 1.7571784588221562 2.33273099137075
91 1.7495973313361382 2.3098213510079817
92 1.751888908878783 2.287280010003032
93 1.7400466345851564 2.3780150341265127
94 1.7409408696299518 2.335747280807206
95 1.740895206087688 2.277136644179171
96 1.7332366970654476 2.2809374075044286
97 1.7303199287817361 2.337095972715002
98 1.7328639608668124 2.305074567144567
99 1.7225090505140095 2.2824877473441036
100 1.7196962565881526 2.282362101656018
101 1.7136549112958073 2.3270008970390665
102 1.711100222799743 2.3118027674429342
103 1.7059494495288454 2.38424821694692
104 1.7058140689511974 2.3421417339281603
105 1.705318104310958 2.3254722036195523
106 1.7009624166790547 2.2960926393667855
107 1.6951309656538553 2.3094066805911786
108 1.6989919300040057 2.328928425004988
109 1.689465543495916 2.3365989571267907
110 1.6893408320721397 2.303321459979722
111 1.6841138661786565 2.295596465919957
112 1.686962016902586 2.3378031502167382
113 1.6793778163137791 2.251712329911463
114 1.6763157504905541 2.2789930502573648
115 1.6688539948757068 2.3037799908356233
116 1.6733583703779285 2.288530471650037
117 1.669870207801862 2.3541649742559954
118 1.6630367616002495 2.31111502782865
119 1.6708530172356708 2.4109061486793286
120 1.6641513416018572 2.378961579366164
121 1.6609040498216567 2.3317282461758815
122 1.6516414149264511 2.3282111106496868
123 1.6587760087105883 2.2561665150252255
124 1.6532683673105546 2.3130506683479655
125 1.6467103392325166 2.3268678364428608
126 1.6457007418791316 2.284869053598606
127 1.6364675387287801 2.3649641948215887
128 1.6418522897484193 2.285129294702501
129 1.6418887948276473 2.2961532550327703
130 1.6364549558419097 2.3496945617776928
131 1.6313664888880715 2.3055491840297524
132 1.6361652150013504 2.3418567419955223
133 1.6286778232892078 2.347279503941536
134 1.6307241870130753 2.3293588414336694
135 1.6288450845716729 2.3372323418205436
136 1.6197860543353602 2.3666510044625313
137 1.6194094224071254 2.345493367224029
138 1.622032087053926 2.3475809201146616
139 1.6147657820481585 2.2967274256727914
140 1.610500999538152 2.2900476505359015
141 1.6087579152321465 2.3376014110716907
142 1.6125795614274812 2.3320065754832644
143 1.6022993536845354 2.3140532527909135
144 1.6056074129687323 2.3639466256806343
145 1.6083564978264149 2.342777513644912
146 1.6005359493124929 2.344497254852093
147 1.599818567839893 2.322302593426271
148 1.600480981888403 2.363665854840568
149 1.595760623501987 2.2788150748520186
150 1.5948078949505209 2.3270481012084265
151 1.5900098818442352 2.3797687526905174
152 1.5858343378265114 2.2982901140595926
153 1.5938636849522074 2.327830651041233
154 1.5868725269800255 2.3084130282654907
155 1.5837586739222484 2.3424412283030422
156 1.5810143535848504 2.345581428571181
157 1.5824923558485373 2.343381253155795
158 1.5854467656285682 2.310130218664805
159 1.5776435426805502 2.352296309037642
160 1.5779720643036075 2.3934015794233843
161 1.5694094151387707 2.4139897805271726
162 1.5755885914161945 2.3663018666433566
163 1.5713473875059425 2.3405167826197366
164 1.5640139762257248 2.3512197692285883
165 1.5687580696159307 2.325954526211276
166 1.5655689073818617 2.379932471748554
167 1.5677790942909609 2.3721016555121452
168 1.561276013062296 2.358642750165679
169 1.5582680919846554 2.3228846205906435
170 1.5619694480716098 2.3806161745028063
171 1.554539336448944 2.4402481678760415
172 1.5565305344198233 2.3773688181783212
173 1.5590416782851437 2.3238535735643273
174 1.5517752131791294 2.3788338199709402
175 1.5466186615144906 2.307698606090112
176 1.5482857680175992 2.2875268323854967
177 1.5467536169244016 2.3819172675862457
178 1.5462801365984695 2.3423865076267356
179 1.5424184677193502 2.371078069914471
180 1.542828107567735 2.3461165468801153
181 1.5423056016460461 2.3782298890027134
182 1.5354634657282469 2.357099775563587
183 1.535130526382615 2.3576992379896566
184 1.53991547257923 2.360693222194007
185 1.535245317251705 2.3481436742074564
186 1.5351241171256624 2.3599130267446693
187 1.531642441375299 2.3232671415263955
188 1.529875228095861 2.365086880145651
189 1.5300264363173082 2.3731755903272918
190 1.531845465884039 2.343505208239411
191 1.5352578581620173 2.397464819026716
192 1.5278344178137733 2.384415926355304
193 1.5281342805879383 2.321786801923405
194 1.5240865567923627 2.309280790614359
195 1.5245636823067743 2.36182690931089
196 1.523191799108401 2.406160457567735
197 1.5204171343978756 2.384867782394091
198 1.5152550312041824 2.311345838236086
199 1.516734729899806 2.359340154763424
