2020-10-28 10:54:04.988384: W tensorflow/stream_executor/platform/default/dso_loader.cc:59] Could not load dynamic library 'libcudart.so.10.1'; dlerror: libcudart.so.10.1: cannot open shared object file: No such file or directory
2020-10-28 10:54:04.988410: I tensorflow/stream_executor/cuda/cudart_stub.cc:29] Ignore above cudart dlerror if you do not have a GPU set up on your machine.
2020-10-28 10:54:06.377048: W tensorflow/stream_executor/platform/default/dso_loader.cc:59] Could not load dynamic library 'libcuda.so.1'; dlerror: libcuda.so.1: cannot open shared object file: No such file or directory
2020-10-28 10:54:06.377070: W tensorflow/stream_executor/cuda/cuda_driver.cc:312] failed call to cuInit: UNKNOWN ERROR (303)
2020-10-28 10:54:06.377087: I tensorflow/stream_executor/cuda/cuda_diagnostics.cc:156] kernel driver does not appear to be running on this host (izuthrush.stats.ox.ac.uk): /proc/driver/nvidia/version does not exist
2020-10-28 10:54:06.377205: I tensorflow/core/platform/cpu_feature_guard.cc:142] This TensorFlow binary is optimized with oneAPI Deep Neural Network Library (oneDNN)to use the following CPU instructions in performance-critical operations:  AVX2 FMA
To enable them in other operations, rebuild TensorFlow with the appropriate compiler flags.
2020-10-28 10:54:06.392900: I tensorflow/core/platform/profile_utils/cpu_utils.cc:104] CPU Frequency: 2899885000 Hz
2020-10-28 10:54:06.393762: I tensorflow/compiler/xla/service/service.cc:168] XLA service 0x55c7d8570bf0 initialized for platform Host (this does not guarantee that XLA will be used). Devices:
2020-10-28 10:54:06.393797: I tensorflow/compiler/xla/service/service.cc:176]   StreamExecutor device (0): Host, Default Version
Training loss    | Validation Loss
1 16.345530207794493 43.953333478985414
2 9.510206571900019 46.90005201281923
3 6.062811261356467 33.05073735208222
4 5.549795424584115 32.406994039362125
5 5.338115404147913 29.195943333885886
6 5.182751759444133 34.78971712517016
7 5.166424751281738 35.56989058581266
8 5.105754380178924 36.28724041852084
9 4.971129082217075 23.318839232126873
10 4.973857974061872 30.36325651226622
11 4.833773702678114 31.960568399140328
12 4.764126515624547 29.387277675397467
13 4.768733135544427 31.18396912199078
14 4.6405330978997865 30.405262130679507
15 4.572306448870366 26.108326174996115
16 4.441658876910068 24.56078948396625
17 4.324040188647733 20.204186938025735
18 4.208384726307179 25.59791890780131
19 4.137077555798068 23.28712400523099
20 4.053446739026816 24.14301440932534
21 4.032191071179834 18.811410954504304
22 4.05968711399796 21.5676325451244
23 4.026268687578711 20.69472472595446
24 3.920436271346442 21.05093392458829
25 3.9543031040984804 21.350246855706878
26 3.930187383500656 23.74951745524551
27 3.9456570360920216 19.261842091878254
28 3.892287561208895 21.528019204284206
29 3.929864475042513 20.560847289634474
30 3.877234100115181 20.205813841386274
31 3.859174895994734 20.72840107570995
32 3.8741624142863964 23.918546091426503
33 3.884828279514124 20.8157903064381
34 3.807543688481397 18.004362258044157
35 3.7954774776307665 20.395789493214
36 3.874548338427402 20.759888663436428
37 3.85620653747332 16.730590336250536
38 3.888725446002318 18.054162841854673
39 3.859342898472701 16.683360461032752
40 3.885692813608906 20.598803303458475
41 3.7655174047640054 23.41234278678894
42 3.813656783340001 18.7334197362264
43 3.8505478448206834 13.72838298479716
44 3.8547006644824946 16.29393869457823
45 3.7524584472769558 16.521077864097826
46 3.730697681408117 16.159724192185834
47 3.7405993631570644 12.363568797256008
48 3.7466047353083543 18.358045310685128
49 3.7188403748049597 15.95745817820231
50 3.7653610281424945 12.36785406777353
51 3.7005395771253227 13.08920759865732
52 3.7730872725496196 14.59518872607838
53 3.774602764903909 15.543274771083485
54 3.6956960942485546 15.187096725810658
55 3.634036104277809 16.339177348396994
56 3.6427913042578366 15.711712374831691
57 3.648194926800114 20.1612721862215
58 3.682015570083467 19.198523008462153
59 3.6097377857359327 18.840085542563237
60 3.6150564887736105 19.16346783349008
61 3.636641535428491 18.2245369607752
62 3.562450366445107 18.84754672917453
63 3.656487535722185 21.155947417923898
64 3.6473607143553175 14.563658916588986
65 3.598523000679394 16.561197887767445
66 3.5869509819710608 15.015176773071289
67 3.6679688633078396 9.193417166218612
68 3.5785392959519187 11.188867922985192
69 3.622790766234445 13.472238742943967
70 3.634989835248135 14.12524371436148
71 3.628322627284739 8.651521538243149
72 3.658535435648248 12.891939271580089
73 3.6832446745126552 9.813752600640962
74 3.6698933780783474 11.873692375240903
75 3.6552838995905206 11.010503342657378
76 3.6070292491723994 13.357294617277203
77 3.639293590394577 12.558823050874652
78 3.6539079694464656 16.450148820877075
79 3.6640060278448727 18.01620943618543
80 3.663922824481926 20.176888689850315
81 3.548920709307831 18.52868448604237
82 3.5838871403495864 17.244211688186184
83 3.529612104491432 15.859949278109001
84 3.5571093960563736 16.553100369193338
85 3.583091046550486 18.301121054273665
86 3.478512716765451 16.364060951001715
87 3.556750722450785 12.383438630537553
88 3.5192426643749273 15.670223351680871
89 3.5748982264263796 12.383638692624642
90 3.632359549550727 12.661619663238525
91 3.572347426178432 15.567339832132513
92 3.5104320922700487 15.096494168946236
93 3.488879456378446 16.463364471088756
94 3.413158919551585 12.723083850109216
95 3.5441887473115825 18.10747817068389
96 3.5449477327932226 18.89209672898957
97 3.5850178510835855 18.168181946783356
98 3.4888291996304353 17.379046685767896
99 3.4686004596181435 16.41725941137834
100 3.4808286463860236 19.0765238386212
101 3.5530269995774373 18.95980409419898
102 3.4977349290753357 17.965647690223925
103 3.5009063305241046 23.374779657884076
104 3.5452786861079755 19.95074761275089
105 3.393654964938022 22.722346341971196
106 3.5150694965135934 24.204444589036882
107 3.492534550109712 19.671712940389458
108 3.567343291669789 19.217978390780363
109 3.5084903688714055 17.193168481190998
110 3.4598656220011192 18.566338907588612
111 3.5003579182199913 18.436151605663877
112 3.48776371644275 22.259021896304507
113 3.4131224202637624 22.75131370082046
114 3.491284424715703 18.799928946928546
115 3.6172470173033155 20.247343135602545
116 3.499375494399873 23.736066688190807
117 3.4210679200616214 22.166599613247495
118 3.5102056748796215 20.94380300695246
119 3.4803850414729354 18.124198855775774
120 3.482388659278945 18.88529188705213
121 3.493652924452678 22.441488461060956
122 3.4847101976375767 29.023794694380328
123 3.4398749346780306 30.81409283840295
124 3.4548086836786553 29.450946894558992
125 3.4204884000343854 29.875722206000127
126 3.5160088869604733 27.94990190592679
127 3.4236350885712272 32.119451884067416
128 3.461152168783811 25.836814815347847
129 3.486414899920473 24.407196247216426
130 3.4183216685115703 24.840406013257574
131 3.4627285995105708 26.124849225535538
132 3.4367247288770013 31.136620478196576
133 3.3994290332983037 30.442768653233845
134 3.465694871279273 27.12082357117624
135 3.449982843776741 27.824058735009395
136 3.4576938978516227 25.820326284928754
137 3.5274832201476145 27.29359527790185
138 3.44525153566115 27.44293360276656
139 3.4343815133123115 30.346588763323698
140 3.417581917035698 28.843121470827043
141 3.4219399584401953 22.122478058843903
142 3.4579612665837356 20.923640056089923
143 3.473473874649199 21.88381325114857
144 3.403018821584116 21.29562670534307
145 3.4651416504737176 16.893670414433334
146 3.464846634628749 25.996594226721562
147 3.5195519971375417 24.861374941739168
148 3.4962770065458693 22.36934718941197
149 3.4682023619661235 19.632767966299348
150 3.3582069755780815 20.3287811423793
151 3.3710933534225616 20.486840146960635
152 3.5481218465484017 19.39730965007435
153 3.486432457914447 19.345697576349433
154 3.4067488472060403 22.635829333103064
155 3.4161219337198996 22.27792591037172
156 3.4241052688938556 22.51668907656814
157 3.4884838278930967 20.645507588531032
158 3.5154094200323125 20.948706756938588
159 3.4396151174413094 19.198197848869093
160 3.454501149677994 15.40697371598446
161 3.3475194331442957 20.235683087146644
162 3.436738661020109 15.280305544535318
163 3.5289984882468044 13.240141514575843
164 3.388670361868226 14.555432796478271
165 3.4313175206137174 16.607320048592307
166 3.3797837106308135 20.923621278820615
167 3.39773956147751 20.76947934699781
168 3.365708410149754 23.755957437284064
169 3.34819236368236 18.874887921593405
170 3.3829907025441086 23.29619485681707
171 3.4364562081818533 22.49773456111099
172 3.4422069894205225 24.664094094074134
173 3.3985321427335835 28.803070256204315
174 3.387549133584051 29.5061363957145
175 3.4397198445726147 28.589773178100586
176 3.3768556708156474 25.883622364564374
177 3.411443882649488 27.49707753008062
178 3.461236290412374 26.664611130049735
179 3.3984103627724225 27.067078113555908
180 3.4420331940792575 28.178700728849932
181 3.3457140332401387 23.556430144743487
182 3.415324633664424 23.231851216518518
183 3.4490458988907315 16.114279992652662
184 3.457082741331346 11.723157702070294
185 3.366426689790027 17.61515112356706
186 3.3423662162063144 19.429538408915203
187 3.4189003269271097 21.717631910786483
188 3.352530632868852 20.37260594512477
189 3.4049375954240855 15.339118133891713
190 3.323371379682333 18.051935369318183
191 3.3383075954890487 18.744668259765163
192 3.3660734006673985 20.238887750741206
193 3.3556639487200446 17.409586718588166
194 3.4252054974584296 18.78934871789181
195 3.378551764063316 20.05859796928637
196 3.3454550894180146 22.083029544714726
197 3.4482879638671875 22.05274047273578
198 3.433342794380566 22.76133133425857
199 3.4105595881396003 24.261672923059173
200 3.416095485781679 21.304368654886883
201 3.390118870404687 20.383891611388236
202 3.301283796234886 19.984447428674407
203 3.369786543421226 20.13345851320209
204 3.359984596176903 25.7844906575752
205 3.3154629976442545 30.424156080592763
206 3.3933756115412947 21.472194346514616
207 3.465786295362038 21.927649194544014
208 3.31916872581633 23.272620475653447
209 3.4227121726121053 28.182861653241243
210 3.341787305208716 30.035028710509792
211 3.2995335890515016 31.234145041668054
212 3.422678024461954 30.153374447967067
213 3.372356119722423 31.93299555056023
214 3.391036503385789 29.165756471229322
215 3.26480501477081 25.483522696928546
216 3.3742833633234004 26.856078523578066
217 3.29937742960335 23.957176772030916
218 3.4090991515924434 20.763788122119326
219 3.3996652494562736 24.086886218099885
220 3.4268913717553167 26.17829266461459
221 3.3074175272837723 27.717891880960174
222 3.3372129874654335 27.264801740646362
223 3.2574615572938823 28.14795113332344
224 3.29141895841844 32.08902746980841
225 3.3825586526700766 27.46235342459245
226 3.3722900919394916 27.26864362485481
227 3.3192320035235716 25.48140530875235
228 3.346205978110285 24.628916357502792
229 3.317331825152482 22.57684443213723
230 3.337794471495222 21.329059441884358
231 3.3904557676598577 18.84924429835695
232 3.3601871268583996 24.753046079115435
233 3.296502479232184 27.165634068575773
234 3.383217252127015 23.61261447270711
235 3.3440146729497626 25.404922846591834
236 3.356889535885046 27.517493912667938
237 3.252496107970134 23.776957497452244
238 3.4123749449701593 23.975330396132037
239 3.3650546262759975 25.62400968869527
240 3.3381890046714555 24.804656093770806
241 3.4195762388777027 23.92164076458324
242 3.3429943216909277 24.772639765883937
243 3.2698228264799214 24.49667340336424
244 3.3620795212169683 30.09838453206149
245 3.3920999918833816 33.94533058368798
246 3.3140740984737285 34.71334545540087
247 3.274372157483998 33.776311404777296
248 3.335585591816666 31.95000443314061
249 3.381645932055936 30.856447711135402
250 3.3068875062583696 22.98870503541195
251 3.3666024845425446 22.520315676024467
252 3.351444409625365 22.248195944410384
253 3.3164971488537174 21.11575787717646
254 3.391276531880445 22.659334963018242
255 3.280055614981321 22.04826828205224
256 3.2796638153567175 23.996856089794274
257 3.3071773500725774 26.437092557097927
258 3.317146159634732 25.962331287788622
259 3.3568417176161662 24.585505362712976
260 3.228316911376349 25.02643322944641
261 3.3687730142385655 24.53105961192738
262 3.3584779087859804 22.865596771240234
263 3.3447994383254853 22.545143821022727
264 3.2424623045590844 22.187911279273756
265 3.31922450396094 21.894602501031123
266 3.4522863591071404 20.88315349636656
267 3.407347402950325 15.717837124159843
268 3.3019659471983958 15.931160139315056
269 3.276586327222314 15.739791198210282
270 3.2638025496265675 16.385133230324946
271 3.396443527523834 16.19819539243525
272 3.3611721567588275 16.548058979439013
273 3.3229475304631904 16.348986011562925
274 3.3291741715799463 16.253083778150152
275 3.3650315539671642 14.835277571822658
276 3.3298482233935065 15.08567010272633
277 3.3304112288031247 15.88385221452424
278 3.3505690333866838 13.057255976127855
279 3.276045072196734 15.174661354585128
280 3.3604132727821274 14.117365064042987
281 3.3353469537036253 15.17478861953273
282 3.31520417185113 13.091815457199559
283 3.315861236931074 13.047933824134596
284 3.4004213030975645 12.907587549903177
285 3.2959531887923137 12.93998370026097
286 3.291136644854404 9.448564876209606
287 3.2488077229792527 9.549208641052246
288 3.291848624106681 14.925318176096136
289 3.3139388891729977 13.47658144343983
290 3.3181784790341218 12.768825567129886
291 3.337000499857534 13.13044149947889
292 3.3088882252721503 13.392603628563158
293 3.3204359890210746 14.704420682155725
294 3.341159714330541 14.684127381353667
295 3.264916205170131 14.728088256084558
296 3.29007094449336 10.67251495881514
297 3.3406393740436817 14.859616387974132
298 3.372750388513697 13.080498558102231
299 3.2972314286940168 13.174392779668173
300 3.2842926129256145 13.083831129652081
301 3.3709621523866558 16.28286964965589
302 3.281390053210872 16.96850403872403
303 3.345915263242061 19.864788712877214
304 3.3409412780610643 14.729317686774515
305 3.261434545611391 15.46940128731005
306 3.2684049346659445 15.362325596086906
307 3.337115962906639 13.52063435496706
308 3.335382074412733 13.487100073785493
309 3.2842695382562015 15.429562821532741
310 3.2879498382606127 18.52420637101838
311 3.270054253021089 16.2238068002643
312 3.2378092567519388 16.865226832303133
313 3.3969348255950624 16.766424005681817
314 3.3598743146008783 16.264019532637164
315 3.2114735003745203 15.517826253717596
316 3.209982971153637 16.485133069934268
317 3.3310598925788804 17.34544707067085
318 3.3042619440815235 18.614367882410686
319 3.236345694796874 18.879227724942293
320 3.2996126991687436 18.912242838830657
321 3.3549550641881356 19.277225162043717
322 3.3303178088499767 18.83246540300774
323 3.329910722109351 20.474244124961622
324 3.1504113957433417 20.546736435456708
325 3.302397631182529 19.778503446867973
326 3.261310287041239 20.252130739616625
327 3.2778569943834057 20.888233163140036
328 3.3184167866659635 21.405513214342523
329 3.284525708396836 21.203284964416966
330 3.285591961133598 19.205548178065907
331 3.243313737434916 22.99633849028385
332 3.32464865174624 25.373457605188545
333 3.3432139736591 23.370388652339127
334 3.3011438256443135 24.147272420651984
335 3.332616879208253 20.90413824717204
336 3.3119640964092594 19.16425476652203
337 3.3230090637018184 19.76329133004853
338 3.28095550466292 18.024631493019335
339 3.3127850778032055 21.74696835604581
340 3.2842390159569166 25.571634740540475
341 3.2732942364003397 24.93472875248302
342 3.258391795772137 26.609645540064033
343 3.2538473936590817 26.826837756417014
344 3.2925205372347692 25.45484254576943
345 3.2071560633064498 26.004874236655958
346 3.304953166753939 22.20809797084693
347 3.25963562313873 29.883972630356297
348 3.248714017395926 27.77517354849613
349 3.3778212530778187 28.566435199795347
350 3.3374422045037297 27.333671006289396
351 3.312915249626235 24.257830395843044
352 3.339212691429818 21.72428599993388
0 3.379875672715051 26.535134814002298
1 3.396455915847627 26.28791955023101
2 3.2958791067104527 29.35392955577735
3 3.307796041564186 25.677205764886104
4 3.3294111714504733 23.001163352619518
5 3.3641704332710494 25.1374166951035
6 3.27249286434438 25.417033845728096
7 3.247926119530555 30.19654844746445
8 3.3399991469808143 21.019857623360373
9 3.2414448568136387 24.676215265736435
10 3.300634596607473 25.412214842709627
11 3.2388622394882804 22.629603125832297
12 3.2532737939664633 13.68016421433651
13 3.2665505598087123 13.155952713706277
14 3.2450451921708514 14.05083721334284
15 3.3297801631512027 10.697166991956307
16 3.277181278360952 10.626574978683934
17 3.3263145319306022 14.84315225572297
18 3.2916324398305155 16.963288610631768
19 3.1824442726550717 23.98488813458067
20 3.2651137573884266 23.177522305286292
21 3.3110109366992915 21.446744152993865
22 3.2688585956497946 20.67053587508924
23 3.3559900534034957 20.007777763135504
24 3.2577193019413713 20.171648646845963
25 3.326280976286029 23.974468354022864
26 3.3033661677105592 20.248395601908367
27 3.201489804994942 19.557653311527137
28 3.2481868385088326 19.34635936130177
29 3.3161850896212135 16.612547997272376
30 3.2571121253589594 17.20388299046141
31 3.2653892252704884 14.395847970789129
32 3.2713716596660047 14.181228991710778
33 3.1946651723125195 15.047556241353353
34 3.1751418444189694 13.80406613783403
35 3.295017922278678 14.17279932715676
36 3.3112882057038866 20.427569808381975
37 3.3719080108227115 20.12644928151911
38 3.251681969897582 26.71143537579161
39 3.2729649354915806 25.071930459051423
40 3.26993462826946 22.01959822394631
41 3.197489242742557 19.033638535123885
42 3.2097479541703025 18.50767633409211
43 3.300782340587956 19.081998673352327
44 3.226603144466287 20.021251664017186
45 3.3370124632769294 20.890268687045936
46 3.2013869710487897 14.247622981215969
47 3.2187850853004076 15.827381256854895
48 3.258599854931973 16.773642467729974
49 3.2579858846003464 18.793539090590045
50 3.2426669267144534 14.56574789683024
51 3.2890249384511816 13.964268525441488
52 3.2176873070178647 13.863614002863565
53 3.2840105377801576 13.27793288230896
54 3.223635029084612 14.003143939104946
55 3.2227948443724377 14.37349728381995
56 3.110125728172831 14.742243860707138
57 3.26766840774234 14.175654779780995
58 3.2831133096524985 13.895878690661807
59 3.2089560669247468 12.88304859941656
60 3.3189093287628477 12.844516725251168
61 3.239452605200286 15.573633100047257
62 3.3558785443258756 12.3889185443069
63 3.1427130888004116 16.08904884078286
64 3.2366098814671584 13.14859474066532
65 3.2163554890321033 13.278533545407383
66 3.228553278611438 13.041113419966264
67 3.2605574721156962 10.914949373765426
68 3.270593768299216 10.774821108037775
69 3.3100887879286662 12.966807488239173
70 3.2770655580086285 19.875691110437568
71 3.2786194640811126 17.441662694468643
72 3.3133218028757834 12.835265058459658
73 3.3621379644563882 12.403404741576225
74 3.211143222185645 16.5490337935361
75 3.252844149523442 12.343012145071318
76 3.2537280356529914 11.985124985376993
77 3.245297387094781 12.747981678355824
78 3.2458225689312017 15.604248856053207
79 3.2250397559439783 15.512353239637433
80 3.2318480085618426 20.11230845884843
81 3.3068674177226454 20.872511011181455
82 3.170427947941393 19.465584162509803
83 3.2046017434337353 19.816907911589652
84 3.2619441735862504 14.40786851536144
85 3.2660371265789068 17.32533480904319
86 3.2137505890119193 16.18705542159803
87 3.3469240216925593 23.74121860301856
88 3.1534689239936298 24.203408978202127
89 3.23422110906922 25.895397533069957
90 3.2329093064412033 23.15455531351494
91 3.2846224024744317 25.609242721037432
92 3.192777645469892 23.721292517401956
93 3.2525280961895935 26.574267409064554
94 3.277429403644977 16.636894659562543
95 3.2676225983270326 12.26060488729766
96 3.2308781383061174 14.806251207987467
97 3.1582650949459263 14.26835661945921
98 3.2214763683847862 14.505276896736838
99 3.254868717476873 13.526609110109733
100 3.2895721492200796 13.757109642028809
101 3.2739203212284806 12.940033862085054
102 3.2438220741725203 10.156399596821178
103 3.2015488572639996 12.401450720700351
104 3.241071325717586 17.408633896798797
105 3.2328526454396767 15.984355167909102
106 3.2877906879576124 19.786290154312596
107 3.247265067431006 15.654653014558734
108 3.3000561907739923 22.349962682435006
109 3.1761383915891743 18.810385523420393
110 3.1756887624759487 24.298296624963935
111 3.2473110680532926 22.19704937212395
112 3.151625453835667 22.4479380087419
113 3.193308718133681 18.72512604973533
114 3.2408673527217147 16.08127052856214
115 3.2229826946069697 14.004118709853202
116 3.163260535438462 16.654333605910793
117 3.2079310051285392 14.896043553496852
118 3.2626182773325705 14.608217333302353
119 3.194666914420553 14.480620976650354
120 3.255996822130562 15.259147094957756
121 3.2318530767270834 14.653015714703184
122 3.2316078880045676 14.525594097195249
123 3.2257022692425417 17.315891576535773
124 3.261688758831213 19.135130354852386
125 3.198250987742207 20.491619124557033
126 3.234189770009258 18.25821833899527
127 3.128443196268365 13.515760956388531
128 3.2299890612611675 12.462002111203743
129 3.224224881370469 11.640738848483924
130 3.1862219182571563 12.83195357611685
131 3.1374414533671766 11.660760720570883
132 3.257884700699608 10.293605443203088
133 3.2865583719593463 12.244962620012688
134 3.189192047213564 12.684613430138791
135 3.1512441753160836 12.470505931160666
136 3.2205314848682667 10.696657289158214
137 3.2877763049437267 8.500772974707864
138 3.2746995227171642 8.444646633032596
139 3.1975883918233436 8.293749939311635
140 3.1774879894634283 8.406914205262154
141 3.26902703955622 8.323078906897342
142 3.197084875390081 8.505911595893629
143 3.179955213376791 11.883247837875828
144 3.238100302101362 8.356169086514097
145 3.2702755479529353 8.56316438588229
146 3.192662274483407 11.094856724594578
147 3.2716894267809273 12.441041606845278
148 3.1966394787967793 12.807540893554688
149 3.226159331822159 12.920928528814605
150 3.1573969444425978 13.021269530961007
151 3.283687414509235 17.77830318971114
152 3.2219780671714555 17.541691534446947
153 3.294192580893488 16.845458442514595
154 3.220048432302947 17.840125452388417
155 3.2283812277387867 18.099743554086395
156 3.259338744796149 17.557368379650693
157 3.1778514833733587 16.771920904968724
158 3.2264503724504223 18.360594446008857
159 3.2913444585139207 17.690076221119273
160 3.2204623245956876 17.207714145833794
161 3.193516778473807 17.146527181972157
162 3.1609838646237214 17.161660887978293
163 3.2169311188235143 15.749511899370136
164 3.2323827295020076 15.25843334197998
165 3.219432587670808 18.976020336151123
166 3.2331643010130025 17.594973679744836
167 3.2410277777379104 19.36535312912681
168 3.273943351046874 20.714208855773464
169 3.1922631924695306 20.31631127993266
170 3.318721676817035 20.796738292231705
171 3.23964528990264 19.262649167667735
172 3.240690330467602 17.913053931611955
173 3.2367609656683287 16.859917517864343
174 3.1711857484118773 17.2480012142297
175 3.2073102988819087 17.348198926810063
176 3.16330875500594 17.082270788423944
177 3.26608948660369 16.611334865743462
178 3.218251360524999 16.62160562023972
179 3.226231348396528 16.001854426933058
180 3.2723229875658997 15.87022334879095
181 3.261100695864989 16.84563782720855
182 3.1893357569628424 22.439076727086846
183 3.1464104321923587 22.495306289557256
184 3.286991303510005 21.458567135261767
185 3.1659200521979 23.556574496355925
186 3.319361866110622 22.390527125560876
187 3.240333318710327 22.059258511572175
188 3.207676398872149 24.944041150988955
189 3.1691107679121564 25.407296260197956
190 3.308669449079155 20.809694615277376
191 3.281433865575507 23.673336773207694
192 3.2042038039405747 22.70500493772102
193 3.290429995791747 18.040366938619904
194 3.2153371442662606 19.398661757960465
195 3.2272873184468485 20.532871528105304
196 3.246400167446325 24.84811468557878
197 3.2095578944328986 23.57659896214803
198 3.1997570401371114 23.37311506993843
199 3.2703534423714817 19.86254329392404
200 3.2689428164227174 19.55434685764891
201 3.2274027980200133 19.22779530467409
202 3.229726260251338 20.479135448282417
203 3.316346324316346 23.88897450764974
204 3.2185482365070004 21.464405514977194
205 3.236687919881084 20.542541590603914
206 3.1567269787930026 20.517035151972916
207 3.2140172542911944 23.043187148643263
208 3.190312090486583 27.065127755656388
209 3.2811526732869667 21.66769577517654
210 3.2004987060433567 20.713221831755206
211 3.296190882673358 20.189040184020996
212 3.2587971049960296 21.793037862488717
213 3.2249045596264376 21.843347173748594
214 3.200968069605308 21.960312178640656
215 3.19711708550406 24.988416498357598
216 3.2379263745676172 24.378092202273283
217 3.164772903565133 24.892960331656717
218 3.18159282561576 25.139544147433657
219 3.0935106773187617 25.215703270652078
220 3.1460416671073084 21.26073913863211
221 3.182980487842371 21.349373810219042
222 3.2582292603974294 21.35150053284385
223 3.2132033924065015 18.015152562748302
224 3.2645222444345454 17.041954228372283
225 3.2226355382711582 18.15873226252469
226 3.220577551586793 22.858340646281388
227 3.2319798634784056 21.557299780123163
228 3.2239517221356384 21.994541413856275
229 3.210819888823103 21.54378479899782
230 3.240560295558212 22.063746950843118
231 3.192605431717221 22.428287614475597
232 3.196591889504159 23.257409196911436
233 3.1845359672414193 24.559794288693052
234 3.1417118830255943 22.70119666330742
235 3.202147271373484 22.95127466953162
236 3.314613590146055 24.98550474282467
237 3.2140077482355704 18.62566514448686
238 3.1769918167945184 21.181914885838825
239 3.2009692593376236 23.08864739446929
240 3.178033484090673 19.84559917449951
241 3.251051166270039 19.95138734037226
242 3.15262772069119 18.523660450270683
243 3.1850215255623997 20.476870356184065
244 3.1654147558873245 20.62901441978686
245 3.239385765377838 17.499408411257196
246 3.158073578730668 14.766967144879429
247 3.2509316501050893 16.024724201722577
248 3.1597839912565626 17.152607238653935
249 3.128815676906321 18.447848731821235
250 3.215715679791894 17.622382828683563
251 3.222101409836571 14.129032929738363
252 3.167038176319387 15.253835114565762
253 3.103537167652999 18.238997690605395
254 3.1504368711226056 17.55063794598435
255 3.209606576674055 20.084412105155714
256 3.168754852644288 22.40135398055568
257 3.163559670495515 19.97939222509211
258 3.1765561316273 19.38082404570146
259 3.2057366371154785 17.720366282896563
260 3.177876059371646 18.74213335008332
261 3.1176541134862616 20.154993801405936
262 3.201837134833383 20.031954086188115
263 3.205427880334382 19.09407260201194
264 3.183814244695229 19.35188170635339
265 3.2056530607808935 18.991942167282104
266 3.099420467225632 16.479529106255733
267 3.1679958718838077 14.634895368055863
268 3.2418471480360127 13.99337590824474
269 3.245845900903834 16.279492407134086
270 3.1583543461148103 15.451182177572539
271 3.1853607137604514 18.48608414332072
272 3.2106986093049 22.704118743087307
273 3.251614414819396 16.643772341988303
274 3.194297653613704 21.96838124593099
275 3.2843178097564394 22.83496767101866
276 3.250795893149801 22.60008741870071
277 3.1764293330730777 22.796239867354885
278 3.2079076530909774 22.32373596682693
279 3.090464445624021 21.833326383070514
280 3.2452900858208684 20.186468384482644
281 3.176536010043456 20.24891557115497
282 3.2565810113850207 22.630568417635832
283 3.1528309146956643 23.257292689699113
