2020-10-22 11:49:26.892118: W tensorflow/stream_executor/platform/default/dso_loader.cc:59] Could not load dynamic library 'libcudart.so.10.1'; dlerror: libcudart.so.10.1: cannot open shared object file: No such file or directory; LD_LIBRARY_PATH: :/lib:/usr/lib:/usr/local/lib:/usr/lib/X11
2020-10-22 11:49:26.892145: I tensorflow/stream_executor/cuda/cudart_stub.cc:29] Ignore above cudart dlerror if you do not have a GPU set up on your machine.
2020-10-22 11:49:28.396254: W tensorflow/stream_executor/platform/default/dso_loader.cc:59] Could not load dynamic library 'libcuda.so.1'; dlerror: libcuda.so.1: cannot open shared object file: No such file or directory; LD_LIBRARY_PATH: :/lib:/usr/lib:/usr/local/lib:/usr/lib/X11
2020-10-22 11:49:28.396278: W tensorflow/stream_executor/cuda/cuda_driver.cc:312] failed call to cuInit: UNKNOWN ERROR (303)
2020-10-22 11:49:28.396290: I tensorflow/stream_executor/cuda/cuda_diagnostics.cc:156] kernel driver does not appear to be running on this host (izuthrush.stats.ox.ac.uk): /proc/driver/nvidia/version does not exist
2020-10-22 11:49:28.396405: I tensorflow/core/platform/cpu_feature_guard.cc:142] This TensorFlow binary is optimized with oneAPI Deep Neural Network Library (oneDNN)to use the following CPU instructions in performance-critical operations:  AVX2 FMA
To enable them in other operations, rebuild TensorFlow with the appropriate compiler flags.
2020-10-22 11:49:28.412879: I tensorflow/core/platform/profile_utils/cpu_utils.cc:104] CPU Frequency: 2899885000 Hz
2020-10-22 11:49:28.413339: I tensorflow/compiler/xla/service/service.cc:168] XLA service 0x55d8aa63d6b0 initialized for platform Host (this does not guarantee that XLA will be used). Devices:
2020-10-22 11:49:28.413366: I tensorflow/compiler/xla/service/service.cc:176]   StreamExecutor device (0): Host, Default Version
Training loss    | Validation Loss
1 14.93660013746507 26.437480926513672
2 9.696717328364306 10.25088966254032
3 8.353863961625807 8.886638872551195
4 7.662450946203553 8.347527222199874
5 7.355321147654316 7.818753473686449
6 6.807714377299393 7.375681320826213
7 6.669923673761954 6.742743882265958
8 6.193587836652699 6.296270688374837
9 5.960893054999928 6.121133630925959
10 5.840890908005214 6.146197875340779
11 5.6820526831220874 6.100933768532493
12 5.529327647520764 6.070774482958244
13 5.4523728365945345 6.153687195344404
14 5.448179263879757 6.180246468746301
15 5.457161657881029 6.241044846448031
16 5.317084135395466 6.2912304401397705
17 5.455412236770781 6.302043315136071
18 5.109764965453951 6.289017829028043
19 5.297452834573122 6.306557763706554
20 5.235452033505581 6.445190053997618
21 5.257755239411156 6.432647560582017
22 5.263490433740143 6.3323712204441875
23 5.397373282083191 6.391273433511907
24 5.224041683839099 6.394620483571833
25 5.19790778773846 6.382171818704316
26 5.12906557498592 6.506821957501498
27 5.196142222621654 6.5658551273923935
28 5.218914714190039 6.448145613525853
29 4.99010165611116 6.3374253692048965
30 5.29906675367072 6.636364358844179
31 5.108163592839005 6.413683147141428
32 5.238737092159762 6.670708121675434
33 5.107880264225573 6.743654157176162
34 5.245497720076306 6.449701634320346
35 5.1287625638565215 6.460044716343735
36 5.175084989849884 6.452883807095614
37 5.155229186067487 6.48037973317233
38 5.166412889367283 6.570773493159901
39 5.18640413142667 6.487731695175171
40 5.1488047495926965 6.456874450047811
41 5.009663846233104 6.467673829107573
42 4.993646515478002 6.492215033733483
43 5.134363493116775 6.524455583456791
44 4.91922383733315 6.535915685422493
45 5.0671017217164 6.577388207117717
46 5.141319798951102 6.698288910316698
47 5.070364137687306 6.6510161053050645
48 4.966240193584178 6.594123919804891
49 4.978257287846933 6.5570916840524385
50 4.960999250411987 7.080172856648763
51 4.9493303558614 6.366329604929144
52 5.048962670977753 6.583234136754816
53 5.181914650567688 6.63775600086559
54 5.147947951118545 6.577242764559659
