Training loss    | Validation Loss
0 5.212241124688533 2.764504162632689
1 3.0453860068530365 2.5903798098466835
2 2.8990979446653733 2.5401359565403996
3 2.8304578322590443 2.4790986545231877
4 2.796435607839049 2.4280642015593394
5 2.762340698639552 2.417767569726827
6 2.73235539025382 2.403110743785391
7 2.70748088778111 2.3624917366066756
8 2.6846828751396714 2.4180016079727484
9 2.6631030678226235 2.4034287065875772
10 2.644236783552588 2.3469013401440213
11 2.6230613940117653 2.39226025099657
12 2.604767386589134 2.359935089033477
13 2.5918756605763185 2.39421210605271
14 2.5716423732146882 2.3186571427753995
15 2.559675553597902 2.316174222498524
16 2.543628143323095 2.313233359735839
17 2.5342092551683124 2.2716284473331605
18 2.510677191092257 2.293130794349982
19 2.502356805665451 2.259656808814224
20 2.4911724675642817 2.2816383315592397
21 2.4781585494154377 2.2800376536894817
22 2.462919800375637 2.276030322726892
23 2.454889944509456 2.3065829307449106
24 2.446040050345555 2.2895994259386647
25 2.431255937772885 2.2778329812750524
26 2.4236676901056056 2.2652905753680637
27 2.4158631449205834 2.27089568425198
28 2.407415314254008 2.2602564814139385
29 2.3834381870010444 2.25159581218447
30 2.3822282230644896 2.2681973540053075
31 2.3801319618496977 2.2824684831560873
32 2.3721985473967435 2.2729742283723793
33 2.363068925916103 2.245701643277188
34 2.3494626976418913 2.2016732753539574
35 2.3461072322569394 2.211685136264684
36 2.338346517138314 2.193121674717689
37 2.3281143321279893 2.194582297485702
38 2.318221643880794 2.2458959100197773
39 2.3157575852515406 2.195536063641918
40 2.3010654474036736 2.225557190423109
41 2.306700540739193 2.2225650451621233
42 2.2874528085453467 2.1718927810386734
43 2.2838686136300104 2.200934422867639
44 2.271607715518851 2.2129335202732863
45 2.268696257315184 2.1750474833712286
46 2.260882204718757 2.1889664354372997
47 2.257954966551379 2.1774194757549132
48 2.2545200129872875 2.148501621217144
49 2.2496505315366546 2.177665365593774
50 2.2391691328663574 2.165458616553521
51 2.2358905031492835 2.1580365020401624
52 2.2376096759448973 2.142483013016837
53 2.2226352574009645 2.1906505750150096
54 2.221783770751535 2.206261870204186
55 2.2080017682230264 2.1293566324272932
56 2.2071621900064904 2.127801330722108
57 2.2063643756665683 2.1417530215516383
58 2.197322029293629 2.1689666333247204
59 2.1953100194533666 2.1584514732263527
60 2.1915307420910453 2.1503952096919625
61 2.181700260806502 2.1426179986827227
62 2.1885156247176623 2.147850056083835
63 2.1755171041216768 2.12681366351186
64 2.171300404061351 2.140165797909912
65 2.168305433110187 2.1284907344652684
66 2.164153553623902 2.1259789758799026
67 2.1477295672684384 2.1401720345020294
68 2.162637293861623 2.108030912827472
69 2.145777872727628 2.1048023214145584
70 2.1402706725555554 2.1313224982242196
71 2.1439346711886555 2.1375048817420494
72 2.133722751234707 2.1404063190732683
73 2.1271065684787014 2.125705368056589
74 2.130016371032648 2.1020084297170443
75 2.127197098731995 2.123626886581888
76 2.1206760812224004 2.1317566365611795
77 2.1145261964254214 2.084921583229182
78 2.1139120733528807 2.1305719127460403
79 2.1040611495051467 2.13800390216769
80 2.098959709468641 2.079962270600455
81 2.11211134723404 2.0981108862526563
82 2.1055969052670296 2.134094602599436
83 2.097906075862416 2.1423182305024593
84 2.089303259891376 2.108131943916788
85 2.086419094393128 2.09326370638244
86 2.09066065774675 2.135898689834439
87 2.079702012946731 2.0748653497014726
88 2.08249616931405 2.128372555484577
89 2.0744126725615115 2.113519865031145
90 2.0739131856382937 2.0956572196921526
91 2.0756308030141026 2.0888022689186796
92 2.0740569792295758 2.1062275408482063
93 2.064298019335981 2.079064035902218
94 2.0656549452689656 2.1136959274204408
95 2.0576358890847155 2.084295208965029
96 2.060877813686404 2.1062544778901704
97 2.050961382294956 2.115147141777739
98 2.0544416450617606 2.106110616606109
99 2.052731761440896 2.077621785353641
100 2.0468513969266624 2.073314837047032
101 2.0351176119164416 2.1101823631598027
102 2.035374271033103 2.0776033857647254
103 2.036253865769035 2.028847948020818
104 2.034555749307599 2.0674725430352345
105 2.0440078227666385 2.1173857827575837
106 2.0249034320576147 2.0927734879814848
107 2.0288991190885244 2.028110919558272
108 2.0269819189581955 2.0700651650526085
109 2.0183909824542834 2.0501973014705035
110 2.0193549378922113 2.0884361893546823
111 2.0197795355529116 2.0537072164671764
112 2.012586099118517 2.062444505034661
113 2.009282266989089 2.069801097621723
114 2.0012579856734525 2.0550427491567573
115 2.000649446301293 2.0556745997497012
116 2.0130574990259973 2.0668980108231914
117 2.0025411497082626 2.0509943232244376
118 2.0073132613248994 2.0865272837025777
119 2.002945079301533 2.0844587890469297
120 1.990675023564121 2.058865016212269
121 1.9968026778154206 2.089229558195387
122 1.9934047107633792 2.076040421821633
123 1.9930533308209035 2.0726597959897957
124 1.9894427781565147 2.0677242102671642
125 1.9827012399832407 2.0254999028176677
126 1.9954703042904536 2.0862476564183527
127 1.982950315663689 2.0773141055691
128 1.9787786526115316 2.0156249586416752
129 1.9760994556703066 2.039799247469221
130 1.9729464813805464 2.033672746955132
131 1.9777614244243555 2.0557483562401364
132 1.964237724532161 2.0383933034478403
133 1.9662272904525724 2.018862627598704
134 1.9701490520385274 2.027732816277718
135 1.9599511974213417 2.002658008920903
136 1.9659235629596208 2.0335561602699515
137 1.9610710128880384 2.059117322673603
138 1.9612058408950503 2.0260090608986054
139 1.9620369166658636 2.040662943708653
140 1.9594945695316583 2.0093579383528963
141 1.9627548199473766 1.9946983645156937
142 1.949472458948169 2.05689866932071
143 1.9538841118938044 2.0323839497809506
144 1.9460563142048686 2.011768002291115
145 1.9451724237517307 2.0386324512715244
146 1.9432438190568957 2.0545057192140694
147 1.9386327881039234 2.077753955612377
148 1.9396290633762092 2.0731240808963776
149 1.9462043994874285 2.0371038956301555
