2020-10-16 10:32:39.150874: W tensorflow/stream_executor/platform/default/dso_loader.cc:59] Could not load dynamic library 'libcudart.so.10.1'; dlerror: libcudart.so.10.1: cannot open shared object file: No such file or directory; LD_LIBRARY_PATH: :/lib:/usr/lib:/usr/local/lib:/usr/lib/X11
2020-10-16 10:32:39.150899: I tensorflow/stream_executor/cuda/cudart_stub.cc:29] Ignore above cudart dlerror if you do not have a GPU set up on your machine.
2020-10-16 10:32:40.440774: W tensorflow/stream_executor/platform/default/dso_loader.cc:59] Could not load dynamic library 'libcuda.so.1'; dlerror: libcuda.so.1: cannot open shared object file: No such file or directory; LD_LIBRARY_PATH: :/lib:/usr/lib:/usr/local/lib:/usr/lib/X11
2020-10-16 10:32:40.440795: W tensorflow/stream_executor/cuda/cuda_driver.cc:312] failed call to cuInit: UNKNOWN ERROR (303)
2020-10-16 10:32:40.440806: I tensorflow/stream_executor/cuda/cuda_diagnostics.cc:156] kernel driver does not appear to be running on this host (izuthrush.stats.ox.ac.uk): /proc/driver/nvidia/version does not exist
2020-10-16 10:32:40.440915: I tensorflow/core/platform/cpu_feature_guard.cc:142] This TensorFlow binary is optimized with oneAPI Deep Neural Network Library (oneDNN)to use the following CPU instructions in performance-critical operations:  AVX2 FMA
To enable them in other operations, rebuild TensorFlow with the appropriate compiler flags.
2020-10-16 10:32:40.455899: I tensorflow/core/platform/profile_utils/cpu_utils.cc:104] CPU Frequency: 2899885000 Hz
2020-10-16 10:32:40.456269: I tensorflow/compiler/xla/service/service.cc:168] XLA service 0x55700158dfb0 initialized for platform Host (this does not guarantee that XLA will be used). Devices:
2020-10-16 10:32:40.456282: I tensorflow/compiler/xla/service/service.cc:176]   StreamExecutor device (0): Host, Default Version
Training loss    | Validation Loss
0 5.283386403635928 3.012449468885149
1 3.226398356441866 2.8627499779876397
2 3.0799682911027944 2.897763173190915
3 2.994208557773055 2.8192737735047633
4 2.9356310598682938 2.731483138337427
5 2.8762045291432163 2.7581984084479663
6 2.8324560132988714 2.6500398249042276
7 2.781640770037969 2.6948945729099973
8 2.741249264541425 2.6376484668984705
9 2.6985345046248352 2.7316930938740165
10 2.656481164536978 2.5683891165013217
11 2.6200497368971507 2.5297567491628685
12 2.584487110428643 2.57138052765204
13 2.5480380416962136 2.5099281218587137
14 2.52163403076038 2.51410989615382
15 2.4904911113412758 2.4832234540764166
16 2.4548962501580256 2.5809730157560233
17 2.4369975406872597 2.532508825161019
18 2.4141715697029182 2.482125458668689
19 2.3897786180178326 2.5261586588256213
20 2.3650174269550726 2.452499875000545
21 2.3445454799815226 2.415492676350535
22 2.3232275352666254 2.456636059040926
23 2.3086042167847616 2.4204714365151463
24 2.2924270365844692 2.4190940710963034
25 2.265673059277367 2.441809960774013
26 2.25784685109791 2.423621348580536
27 2.2393772633975013 2.4834011294403853
28 2.220695107129582 2.3841472103887673
29 2.2099487359586516 2.337688061655784
30 2.1887282941947905 2.398299307239299
31 2.175234088667652 2.3774768290471058
32 2.168101174684993 2.406813231049752
33 2.1486761877934137 2.3366850225292906
34 2.1446102826480278 2.3627935647964478
35 2.1282148679097492 2.3631598766969173
36 2.118384442726771 2.3820203792075723
37 2.10779835456296 2.3166718038977407
38 2.095858072894707 2.2894330444384594
39 2.0838671209257944 2.3437983436243877
40 2.072499376639985 2.3689157159961
41 2.065231612350857 2.3666196185715345
42 2.0615685307665874 2.297278097089456
43 2.047468484546009 2.2852977483856436
44 2.034726452722884 2.366560335061988
45 2.0263816211830106 2.3354036741110744
46 2.015194134806332 2.3023909737869186
47 2.011074497694509 2.289737818800673
48 1.9967932209633945 2.290781705355158
49 1.9967373713589551 2.2393423379683983
50 1.9891183206648158 2.2497551362125243
51 1.977370630439959 2.275431843436494
52 1.9762550608630767 2.2628297404367097
53 1.9605209270851653 2.2436776751158187
54 1.951409495504279 2.2708708333725833
55 1.9470115420065428 2.237465421156007
56 1.9369639670639707 2.2462649923198077
57 1.9323711758642865 2.2494756913914973
58 1.920189520559813 2.251357233645965
59 1.9191374489089899 2.264025174841589
60 1.91573827528117 2.241365910184627
61 1.910600790956564 2.246565068862876
62 1.8887198798489153 2.2655392660170186
2020-10-19 08:31:42.533040: W tensorflow/stream_executor/platform/default/dso_loader.cc:59] Could not load dynamic library 'libcudart.so.10.1'; dlerror: libcudart.so.10.1: cannot open shared object file: No such file or directory
2020-10-19 08:31:42.533059: I tensorflow/stream_executor/cuda/cudart_stub.cc:29] Ignore above cudart dlerror if you do not have a GPU set up on your machine.
2020-10-19 08:31:43.828757: W tensorflow/stream_executor/platform/default/dso_loader.cc:59] Could not load dynamic library 'libcuda.so.1'; dlerror: libcuda.so.1: cannot open shared object file: No such file or directory
2020-10-19 08:31:43.828774: W tensorflow/stream_executor/cuda/cuda_driver.cc:312] failed call to cuInit: UNKNOWN ERROR (303)
2020-10-19 08:31:43.828784: I tensorflow/stream_executor/cuda/cuda_diagnostics.cc:156] kernel driver does not appear to be running on this host (izuthrush.stats.ox.ac.uk): /proc/driver/nvidia/version does not exist
2020-10-19 08:31:43.828885: I tensorflow/core/platform/cpu_feature_guard.cc:142] This TensorFlow binary is optimized with oneAPI Deep Neural Network Library (oneDNN)to use the following CPU instructions in performance-critical operations:  AVX2 FMA
To enable them in other operations, rebuild TensorFlow with the appropriate compiler flags.
2020-10-19 08:31:43.844059: I tensorflow/core/platform/profile_utils/cpu_utils.cc:104] CPU Frequency: 2899885000 Hz
2020-10-19 08:31:43.845820: I tensorflow/compiler/xla/service/service.cc:168] XLA service 0x5571bf7a69b0 initialized for platform Host (this does not guarantee that XLA will be used). Devices:
2020-10-19 08:31:43.845874: I tensorflow/compiler/xla/service/service.cc:176]   StreamExecutor device (0): Host, Default Version
Training loss    | Validation Loss
0 5.727697776279962 3.220095517057361
1 3.4235950218318134 2.8646759445017036
2 3.19957635812106 2.7676999857931426
3 3.1142364384708254 2.7167289311235603
4 3.0625690790951405 2.6718218182072495
5 3.033131784805503 2.6479529882922317
6 2.997271953824284 2.6183174920804575
7 2.9676172219455914 2.6528906334530222
8 2.9371223292553417 2.60219857006362
9 2.9224390510052882 2.628246217062979
10 2.9006922699427045 2.5240186814105874
11 2.8770354270211325 2.5785508047450674
12 2.8593366989237476 2.5330104647260723
13 2.8427264681610973 2.5057784201520863
14 2.827494220276656 2.483811527490616
15 2.8105784182639506 2.4700743357340493
16 2.798817324307517 2.4470649885408804
17 2.7833229926287975 2.4741958235249375
18 2.768296310153094 2.4510866277145618
19 2.7609327801495973 2.466892477237817
20 2.746470007551099 2.466245300842054
21 2.738096656431246 2.4506677759416178
22 2.720674423580054 2.428774966434999
23 2.7186055627473 2.4081008596853777
24 2.7031632778650767 2.4079626021963176
25 2.6927785878582613 2.4055306071584877
26 2.680298932562263 2.3974655207359428
27 2.672179526798847 2.4296264242042196
28 2.6673471302647025 2.3934227110761586
29 2.6567796719456793 2.358878714568687
30 2.6534638746034966 2.358538871461695
31 2.640467295518463 2.3843620040199975
32 2.634187845023735 2.383044259114699
33 2.628529346154652 2.3648983375592665
34 2.6195904080079933 2.3851725946773183
35 2.6103553072018717 2.36366800105933
36 2.6027318082575372 2.3588529987768694
37 2.597349424829508 2.353744016452269
38 2.5873409111605246 2.349445301474947
39 2.5855255548269565 2.310787952307499
40 2.5793235282844185 2.3062042729421095
41 2.5667818484881186 2.338734905828129
42 2.5618087064154955 2.330591090700843
43 2.5564937820562776 2.336147227973649
44 2.555618477922259 2.3172540068626404
45 2.5490466602346946 2.3130865078983884
46 2.5359019800464897 2.3525880882234285
47 2.533713131186658 2.3227178580833203
48 2.5372065018801098 2.323283329154506
49 2.523896126000652 2.299817224343618
50 2.5180557222854336 2.2812986238436266
51 2.5102658634173385 2.309128168857459
52 2.50544255573855 2.283550213683735
53 2.5014200136130103 2.291330312237595
54 2.499624527131384 2.295336019812208
55 2.495165347897893 2.3077091655947943
56 2.493595744978317 2.32143773003058
57 2.491491092357652 2.298902607325352
58 2.4770624579188105 2.311855524778366
59 2.480572321160607 2.284445654262196
60 2.4753361506143654 2.267241617946914
61 2.466793234153923 2.2831930193034085
62 2.466971696715508 2.2802280539816078
63 2.4581186891842797 2.2787914077440896
64 2.457416074180851 2.286860417235981
65 2.4499285535407087 2.2735337940129368
66 2.445041806668896 2.306648770968119
67 2.452152396168589 2.2696320631287317
68 2.433946876296352 2.2408592204252877
69 2.4364767981319972 2.277631877046643
70 2.4349086283086594 2.2932232627362916
71 2.433627632836725 2.282527547894102
72 2.4167846871373557 2.2632839634562982
73 2.419105057342096 2.2626545013803425
74 2.4199962746755825 2.2521509473974053
75 2.4112796204460256 2.2508634184346055
76 2.4110837868267003 2.2566942139105364
77 2.4028641858105027 2.2602839921460007
78 2.407056530609611 2.2531975715449364
79 2.4024187701738926 2.2550912084001484
80 2.396946244310113 2.2542321320736045
81 2.394670543728553 2.2645910129402624
82 2.3914119600732744 2.282564328475432
83 2.3920128489719303 2.2763745288054147
84 2.3883831759483423 2.2437594361377484
85 2.376502032033899 2.2351756728056706
86 2.3836574997988764 2.2676798782565375
87 2.3723795143604693 2.223468798579592
88 2.3753841360134347 2.2550745606422424
89 2.370912629991434 2.241977689844189
90 2.3727210511462333 2.2585827085104855
91 2.3711014371381465 2.212985071720499
92 2.370254935746801 2.2779187907775245
93 2.361498732568901 2.2847771021452816
94 2.3584814002900565 2.2671445603623535
95 2.3501841356107076 2.2751530973297176
96 2.350719979351123 2.2602968938422925
97 2.348595049674885 2.254026486115022
98 2.348524936260809 2.2689822483243365
99 2.344917705187256 2.2694469423908177
100 2.3388187194635632 2.226476173960801
101 2.3388815852009723 2.2698738177617392
102 2.339272124552251 2.2484549031113135
103 2.328290462648982 2.2847297751542293
104 2.327071712467842 2.245682122580933
105 2.3296872068257923 2.2143439506039475
106 2.32753677292689 2.2812233007315434
107 2.3274060550298468 2.234994648532434
108 2.3210118039731658 2.243807376785712
109 2.3184577125316066 2.2248730420163185
110 2.321282902595176 2.2316505245187064
111 2.3170622179845264 2.2588468758445797
112 2.3065454011261206 2.238959906679211
113 2.305438638612279 2.2330716667753276
114 2.3109170302348043 2.2580929561094805
115 2.3084610993719474 2.252977396502639
116 2.300697333587322 2.230038886720484
117 2.2998647599352617 2.2447748604145916
118 2.303861657640568 2.2270254917217023
119 2.290455815953373 2.2356025824944177
120 2.2923039411423214 2.243198237635873
121 2.2982646639411177 2.23031643484578
122 2.2933932230044527 2.2246865264394065
123 2.2873528409500485 2.2093475781606906
124 2.2861456652361727 2.239381934205691
125 2.2762240613943994 2.2170645784248006
126 2.285888011106076 2.2278679528019647
127 2.2747526001847524 2.226609031810905
128 2.281831248056754 2.224019452026396
129 2.2748732247873686 2.199451609994426
130 2.2737957740078154 2.241427844220942
131 2.2793177664538415 2.2167765827793064
132 2.2691270732300652 2.2562388493256136
133 2.2697382150064422 2.2126035703854128
134 2.266911781619966 2.211258698141936
135 2.267183417200732 2.207137087980906
136 2.2668686885473943 2.231739310604153
137 2.2573135024758906 2.236196041558728
138 2.2658017029063346 2.225650868632577
139 2.253040442958875 2.2434394386681644
140 2.2577158132017123 2.198583569038998
141 2.2581165496515174 2.2092777395790275
142 2.253050874805616 2.245188628633817
143 2.2556221771012774 2.244954460046508
144 2.2469923844155497 2.2590812196334205
145 2.249824262812979 2.214376103697401
146 2.2479770425497088 2.241652536121282
147 2.2412017621584592 2.2297869351777164
148 2.2456688305035115 2.223100544828357
149 2.241298419387053 2.2276260243220762
150 2.236923026966201 2.207175508593068
151 2.2331416276053355 2.243192134481488
152 2.2311344737088485 2.224440453178955
153 2.2398154622352546 2.1910967871998297
154 2.2314148929877997 2.209785106958765
155 2.2318404867973727 2.2009724428256354
156 2.230175457461854 2.2366951256990433
157 2.2302923906087253 2.245974299582568
158 2.2221344286529066 2.2249149454362467
159 2.219023629363888 2.2148393297737297
160 2.229125177301951 2.256098249644944
161 2.214908560306635 2.229437185507832
162 2.2212505395890108 2.255307390834346
163 2.2160608678513367 2.2098460007797587
164 2.213773402202057 2.237259158582398
165 2.213832163076657 2.1809303065141044
166 2.208377651721627 2.2037694440646605
167 2.2120256870080364 2.2252264004765134
168 2.2113594265472134 2.2443647465922614
169 2.205967543648309 2.2190652349681566
170 2.2069011505851512 2.233635217854471
171 2.216289503152538 2.2069040708469623
172 2.2035371500413934 2.2130294144153595
173 2.2005041061229327 2.2329128429745184
174 2.2025690720790587 2.2171369312387523
175 2.200420784102454 2.2306912875536717
176 2.193654610763295 2.237573384787097
177 2.1925486494744226 2.208094495715517
178 2.200362017282898 2.283925028009848
